<?xml version="1.0" encoding="UTF-8"?>
<!-- Generated by org.testng.reporters.JUnitReportReporter -->
<testsuite hostname="DESKTOP-QOFSAVQ" name="dataprovider.DataFetch" tests="5" failures="0" timestamp="22 Aug 2019 17:42:42 GMT" time="0.023" errors="0">
  <testcase name="testLoginCredentials" time="0.002" classname="dataprovider.DataFetch"/>
  <testcase name="testLoginCredentials" time="0.003" classname="dataprovider.DataFetch"/>
  <testcase name="testLoginCredentials" time="0.002" classname="dataprovider.DataFetch"/>
  <testcase name="testLoginCredentials" time="0.002" classname="dataprovider.DataFetch"/>
  <testcase name="testLoginCredentials" time="0.014" classname="dataprovider.DataFetch"/>
</testsuite> <!-- dataprovider.DataFetch -->
