<?xml version="1.0" encoding="UTF-8"?>
<!-- Generated by org.testng.reporters.JUnitReportReporter -->
<testsuite hostname="DESKTOP-QOFSAVQ" name="urbanladderdataandexcel.UrbanLadderDataProviderExcel" tests="10" failures="0" timestamp="26 Aug 2019 05:05:09 GMT" time="1.364" errors="0">
  <testcase name="getExcel" time="0.079" classname="urbanladderdataandexcel.UrbanLadderDataProviderExcel"/>
  <testcase name="getExcel" time="0.047" classname="urbanladderdataandexcel.UrbanLadderDataProviderExcel"/>
  <testcase name="getExcel" time="0.063" classname="urbanladderdataandexcel.UrbanLadderDataProviderExcel"/>
  <testcase name="getExcel" time="0.078" classname="urbanladderdataandexcel.UrbanLadderDataProviderExcel"/>
  <testcase name="getExcel" time="0.067" classname="urbanladderdataandexcel.UrbanLadderDataProviderExcel"/>
  <testcase name="getExcel" time="0.062" classname="urbanladderdataandexcel.UrbanLadderDataProviderExcel"/>
  <testcase name="getExcel" time="0.093" classname="urbanladderdataandexcel.UrbanLadderDataProviderExcel"/>
  <testcase name="getExcel" time="0.735" classname="urbanladderdataandexcel.UrbanLadderDataProviderExcel"/>
  <testcase name="getExcel" time="0.062" classname="urbanladderdataandexcel.UrbanLadderDataProviderExcel"/>
  <testcase name="getExcel" time="0.078" classname="urbanladderdataandexcel.UrbanLadderDataProviderExcel"/>
</testsuite> <!-- urbanladderdataandexcel.UrbanLadderDataProviderExcel -->
