<?xml version="1.0" encoding="UTF-8"?>
<!-- Generated by org.testng.reporters.JUnitReportReporter -->
<testsuite hostname="DESKTOP-QOFSAVQ" name="randomscenarios.Ubuy" tests="1" failures="0" timestamp="4 Sep 2019 06:48:22 GMT" time="19.980" errors="0">
  <testcase name="m" time="19.980" classname="randomscenarios.Ubuy"/>
</testsuite> <!-- randomscenarios.Ubuy -->
