<?xml version="1.0" encoding="UTF-8"?>
<!-- Generated by org.testng.reporters.JUnitReportReporter -->
<testsuite hostname="DESKTOP-QOFSAVQ" name="dataprovider.DataFetch2" tests="5" failures="0" timestamp="22 Aug 2019 17:51:34 GMT" time="0.016" errors="0">
  <testcase name="loginCredentials" time="0.001" classname="dataprovider.DataFetch2"/>
  <testcase name="loginCredentials" time="0.002" classname="dataprovider.DataFetch2"/>
  <testcase name="loginCredentials" time="0.003" classname="dataprovider.DataFetch2"/>
  <testcase name="loginCredentials" time="0.002" classname="dataprovider.DataFetch2"/>
  <testcase name="loginCredentials" time="0.008" classname="dataprovider.DataFetch2"/>
</testsuite> <!-- dataprovider.DataFetch2 -->
